ERROR - 2026-07-21 06:11:27 --> Unable to prepare statement: no such table: gain
in SYSTEMPATH/Database/SQLite3/Connection.php on line 164.
 1 SYSTEMPATH/Database/SQLite3/Connection.php(164): SQLite3->query()
 2 SYSTEMPATH/Database/BaseConnection.php(910): CodeIgniter\Database\SQLite3\Connection->execute()
 3 SYSTEMPATH/Database/BaseConnection.php(827): CodeIgniter\Database\BaseConnection->simpleQuery()
 4 SYSTEMPATH/Database/BaseBuilder.php(1649): CodeIgniter\Database\BaseConnection->query()
 5 SYSTEMPATH/Model.php(295): CodeIgniter\Database\BaseBuilder->get()
 6 SYSTEMPATH/BaseModel.php(714): CodeIgniter\Model->doFirst()
 7 APPPATH/Models/GainModel.php(33): CodeIgniter\BaseModel->first()
 8 APPPATH/Controllers/OperateurOfficeController.php(181): App\Models\GainModel->getTotalGainByOperateurs()
 9 APPPATH/Controllers/OperateurOfficeController.php(286): App\Controllers\OperateurOfficeController->getDashboardData()
10 SYSTEMPATH/CodeIgniter.php(951): App\Controllers\OperateurOfficeController->index()
11 SYSTEMPATH/CodeIgniter.php(497): CodeIgniter\CodeIgniter->runController()
12 SYSTEMPATH/CodeIgniter.php(340): CodeIgniter\CodeIgniter->handleRequest()
13 SYSTEMPATH/Boot.php(417): CodeIgniter\CodeIgniter->run()
14 SYSTEMPATH/Boot.php(68): CodeIgniter\Boot::runCodeIgniter()
15 FCPATH/index.php(59): CodeIgniter\Boot::bootWeb()
16 SYSTEMPATH/rewrite.php(44): require_once('/home/hasina/Musique/Examen-final-Binome/public/index.php')
CRITICAL - 2026-07-21 06:11:27 --> CodeIgniter\Database\Exceptions\DatabaseException: Unable to prepare statement: no such table: gain
[Method: GET, Route: operateur-office]
in SYSTEMPATH/Database/BaseConnection.php on line 865.
 1 SYSTEMPATH/Database/BaseBuilder.php(1649): CodeIgniter\Database\BaseConnection->query()
 2 SYSTEMPATH/Model.php(295): CodeIgniter\Database\BaseBuilder->get()
 3 SYSTEMPATH/BaseModel.php(714): CodeIgniter\Model->doFirst()
 4 APPPATH/Models/GainModel.php(33): CodeIgniter\BaseModel->first()
 5 APPPATH/Controllers/OperateurOfficeController.php(181): App\Models\GainModel->getTotalGainByOperateurs()
 6 APPPATH/Controllers/OperateurOfficeController.php(286): App\Controllers\OperateurOfficeController->getDashboardData()
 7 SYSTEMPATH/CodeIgniter.php(951): App\Controllers\OperateurOfficeController->index()
 8 SYSTEMPATH/CodeIgniter.php(497): CodeIgniter\CodeIgniter->runController()
 9 SYSTEMPATH/CodeIgniter.php(340): CodeIgniter\CodeIgniter->handleRequest()
10 SYSTEMPATH/Boot.php(417): CodeIgniter\CodeIgniter->run()
11 SYSTEMPATH/Boot.php(68): CodeIgniter\Boot::runCodeIgniter()
12 FCPATH/index.php(59): CodeIgniter\Boot::bootWeb()
13 SYSTEMPATH/rewrite.php(44): require_once('/home/hasina/Musique/Examen-final-Binome/public/index.php')
CRITICAL - 2026-07-21 06:11:27 --> [Caused by] CodeIgniter\Database\Exceptions\DatabaseException: Unable to prepare statement: no such table: gain
in SYSTEMPATH/Database/SQLite3/Connection.php on line 174.
 1 SYSTEMPATH/Database/BaseConnection.php(910): CodeIgniter\Database\SQLite3\Connection->execute()
 2 SYSTEMPATH/Database/BaseConnection.php(827): CodeIgniter\Database\BaseConnection->simpleQuery()
 3 SYSTEMPATH/Database/BaseBuilder.php(1649): CodeIgniter\Database\BaseConnection->query()
 4 SYSTEMPATH/Model.php(295): CodeIgniter\Database\BaseBuilder->get()
 5 SYSTEMPATH/BaseModel.php(714): CodeIgniter\Model->doFirst()
 6 APPPATH/Models/GainModel.php(33): CodeIgniter\BaseModel->first()
 7 APPPATH/Controllers/OperateurOfficeController.php(181): App\Models\GainModel->getTotalGainByOperateurs()
 8 APPPATH/Controllers/OperateurOfficeController.php(286): App\Controllers\OperateurOfficeController->getDashboardData()
 9 SYSTEMPATH/CodeIgniter.php(951): App\Controllers\OperateurOfficeController->index()
10 SYSTEMPATH/CodeIgniter.php(497): CodeIgniter\CodeIgniter->runController()
11 SYSTEMPATH/CodeIgniter.php(340): CodeIgniter\CodeIgniter->handleRequest()
12 SYSTEMPATH/Boot.php(417): CodeIgniter\CodeIgniter->run()
13 SYSTEMPATH/Boot.php(68): CodeIgniter\Boot::runCodeIgniter()
14 FCPATH/index.php(59): CodeIgniter\Boot::bootWeb()
15 SYSTEMPATH/rewrite.php(44): require_once('/home/hasina/Musique/Examen-final-Binome/public/index.php')
CRITICAL - 2026-07-21 06:11:27 --> [Caused by] SQLite3Exception: Unable to prepare statement: no such table: gain
in SYSTEMPATH/Database/SQLite3/Connection.php on line 164.
 1 SYSTEMPATH/Database/SQLite3/Connection.php(164): SQLite3->query()
 2 SYSTEMPATH/Database/BaseConnection.php(910): CodeIgniter\Database\SQLite3\Connection->execute()
 3 SYSTEMPATH/Database/BaseConnection.php(827): CodeIgniter\Database\BaseConnection->simpleQuery()
 4 SYSTEMPATH/Database/BaseBuilder.php(1649): CodeIgniter\Database\BaseConnection->query()
 5 SYSTEMPATH/Model.php(295): CodeIgniter\Database\BaseBuilder->get()
 6 SYSTEMPATH/BaseModel.php(714): CodeIgniter\Model->doFirst()
 7 APPPATH/Models/GainModel.php(33): CodeIgniter\BaseModel->first()
 8 APPPATH/Controllers/OperateurOfficeController.php(181): App\Models\GainModel->getTotalGainByOperateurs()
 9 APPPATH/Controllers/OperateurOfficeController.php(286): App\Controllers\OperateurOfficeController->getDashboardData()
10 SYSTEMPATH/CodeIgniter.php(951): App\Controllers\OperateurOfficeController->index()
11 SYSTEMPATH/CodeIgniter.php(497): CodeIgniter\CodeIgniter->runController()
12 SYSTEMPATH/CodeIgniter.php(340): CodeIgniter\CodeIgniter->handleRequest()
13 SYSTEMPATH/Boot.php(417): CodeIgniter\CodeIgniter->run()
14 SYSTEMPATH/Boot.php(68): CodeIgniter\Boot::runCodeIgniter()
15 FCPATH/index.php(59): CodeIgniter\Boot::bootWeb()
16 SYSTEMPATH/rewrite.php(44): require_once('/home/hasina/Musique/Examen-final-Binome/public/index.php')
ERROR - 2026-07-21 06:12:07 --> Unable to prepare statement: no such table: gain
in SYSTEMPATH/Database/SQLite3/Connection.php on line 164.
 1 SYSTEMPATH/Database/SQLite3/Connection.php(164): SQLite3->query()
 2 SYSTEMPATH/Database/BaseConnection.php(910): CodeIgniter\Database\SQLite3\Connection->execute()
 3 SYSTEMPATH/Database/BaseConnection.php(827): CodeIgniter\Database\BaseConnection->simpleQuery()
 4 SYSTEMPATH/Database/BaseBuilder.php(1649): CodeIgniter\Database\BaseConnection->query()
 5 SYSTEMPATH/Model.php(295): CodeIgniter\Database\BaseBuilder->get()
 6 SYSTEMPATH/BaseModel.php(714): CodeIgniter\Model->doFirst()
 7 APPPATH/Models/GainModel.php(33): CodeIgniter\BaseModel->first()
 8 APPPATH/Controllers/OperateurOfficeController.php(181): App\Models\GainModel->getTotalGainByOperateurs()
 9 APPPATH/Controllers/OperateurOfficeController.php(286): App\Controllers\OperateurOfficeController->getDashboardData()
10 SYSTEMPATH/CodeIgniter.php(951): App\Controllers\OperateurOfficeController->index()
11 SYSTEMPATH/CodeIgniter.php(497): CodeIgniter\CodeIgniter->runController()
12 SYSTEMPATH/CodeIgniter.php(340): CodeIgniter\CodeIgniter->handleRequest()
13 SYSTEMPATH/Boot.php(417): CodeIgniter\CodeIgniter->run()
14 SYSTEMPATH/Boot.php(68): CodeIgniter\Boot::runCodeIgniter()
15 FCPATH/index.php(59): CodeIgniter\Boot::bootWeb()
16 SYSTEMPATH/rewrite.php(44): require_once('/home/hasina/Musique/Examen-final-Binome/public/index.php')
CRITICAL - 2026-07-21 06:12:07 --> CodeIgniter\Database\Exceptions\DatabaseException: Unable to prepare statement: no such table: gain
[Method: GET, Route: operateur-office]
in SYSTEMPATH/Database/BaseConnection.php on line 865.
 1 SYSTEMPATH/Database/BaseBuilder.php(1649): CodeIgniter\Database\BaseConnection->query()
 2 SYSTEMPATH/Model.php(295): CodeIgniter\Database\BaseBuilder->get()
 3 SYSTEMPATH/BaseModel.php(714): CodeIgniter\Model->doFirst()
 4 APPPATH/Models/GainModel.php(33): CodeIgniter\BaseModel->first()
 5 APPPATH/Controllers/OperateurOfficeController.php(181): App\Models\GainModel->getTotalGainByOperateurs()
 6 APPPATH/Controllers/OperateurOfficeController.php(286): App\Controllers\OperateurOfficeController->getDashboardData()
 7 SYSTEMPATH/CodeIgniter.php(951): App\Controllers\OperateurOfficeController->index()
 8 SYSTEMPATH/CodeIgniter.php(497): CodeIgniter\CodeIgniter->runController()
 9 SYSTEMPATH/CodeIgniter.php(340): CodeIgniter\CodeIgniter->handleRequest()
10 SYSTEMPATH/Boot.php(417): CodeIgniter\CodeIgniter->run()
11 SYSTEMPATH/Boot.php(68): CodeIgniter\Boot::runCodeIgniter()
12 FCPATH/index.php(59): CodeIgniter\Boot::bootWeb()
13 SYSTEMPATH/rewrite.php(44): require_once('/home/hasina/Musique/Examen-final-Binome/public/index.php')
CRITICAL - 2026-07-21 06:12:07 --> [Caused by] CodeIgniter\Database\Exceptions\DatabaseException: Unable to prepare statement: no such table: gain
in SYSTEMPATH/Database/SQLite3/Connection.php on line 174.
 1 SYSTEMPATH/Database/BaseConnection.php(910): CodeIgniter\Database\SQLite3\Connection->execute()
 2 SYSTEMPATH/Database/BaseConnection.php(827): CodeIgniter\Database\BaseConnection->simpleQuery()
 3 SYSTEMPATH/Database/BaseBuilder.php(1649): CodeIgniter\Database\BaseConnection->query()
 4 SYSTEMPATH/Model.php(295): CodeIgniter\Database\BaseBuilder->get()
 5 SYSTEMPATH/BaseModel.php(714): CodeIgniter\Model->doFirst()
 6 APPPATH/Models/GainModel.php(33): CodeIgniter\BaseModel->first()
 7 APPPATH/Controllers/OperateurOfficeController.php(181): App\Models\GainModel->getTotalGainByOperateurs()
 8 APPPATH/Controllers/OperateurOfficeController.php(286): App\Controllers\OperateurOfficeController->getDashboardData()
 9 SYSTEMPATH/CodeIgniter.php(951): App\Controllers\OperateurOfficeController->index()
10 SYSTEMPATH/CodeIgniter.php(497): CodeIgniter\CodeIgniter->runController()
11 SYSTEMPATH/CodeIgniter.php(340): CodeIgniter\CodeIgniter->handleRequest()
12 SYSTEMPATH/Boot.php(417): CodeIgniter\CodeIgniter->run()
13 SYSTEMPATH/Boot.php(68): CodeIgniter\Boot::runCodeIgniter()
14 FCPATH/index.php(59): CodeIgniter\Boot::bootWeb()
15 SYSTEMPATH/rewrite.php(44): require_once('/home/hasina/Musique/Examen-final-Binome/public/index.php')
CRITICAL - 2026-07-21 06:12:07 --> [Caused by] SQLite3Exception: Unable to prepare statement: no such table: gain
in SYSTEMPATH/Database/SQLite3/Connection.php on line 164.
 1 SYSTEMPATH/Database/SQLite3/Connection.php(164): SQLite3->query()
 2 SYSTEMPATH/Database/BaseConnection.php(910): CodeIgniter\Database\SQLite3\Connection->execute()
 3 SYSTEMPATH/Database/BaseConnection.php(827): CodeIgniter\Database\BaseConnection->simpleQuery()
 4 SYSTEMPATH/Database/BaseBuilder.php(1649): CodeIgniter\Database\BaseConnection->query()
 5 SYSTEMPATH/Model.php(295): CodeIgniter\Database\BaseBuilder->get()
 6 SYSTEMPATH/BaseModel.php(714): CodeIgniter\Model->doFirst()
 7 APPPATH/Models/GainModel.php(33): CodeIgniter\BaseModel->first()
 8 APPPATH/Controllers/OperateurOfficeController.php(181): App\Models\GainModel->getTotalGainByOperateurs()
 9 APPPATH/Controllers/OperateurOfficeController.php(286): App\Controllers\OperateurOfficeController->getDashboardData()
10 SYSTEMPATH/CodeIgniter.php(951): App\Controllers\OperateurOfficeController->index()
11 SYSTEMPATH/CodeIgniter.php(497): CodeIgniter\CodeIgniter->runController()
12 SYSTEMPATH/CodeIgniter.php(340): CodeIgniter\CodeIgniter->handleRequest()
13 SYSTEMPATH/Boot.php(417): CodeIgniter\CodeIgniter->run()
14 SYSTEMPATH/Boot.php(68): CodeIgniter\Boot::runCodeIgniter()
15 FCPATH/index.php(59): CodeIgniter\Boot::bootWeb()
16 SYSTEMPATH/rewrite.php(44): require_once('/home/hasina/Musique/Examen-final-Binome/public/index.php')
